{"numFailedTestSuites":1,"numFailedTests":4,"numPassedTestSuites":4,"numPassedTests":5,"numPendingTestSuites":0,"numPendingTests":0,"numRuntimeErrorTestSuites":0,"numTodoTests":0,"numTotalTestSuites":5,"numTotalTests":9,"openHandles":[],"snapshot":{"added":0,"didUpdate":false,"failure":true,"filesAdded":0,"filesRemoved":0,"filesRemovedList":[],"filesUnmatched":1,"filesUpdated":0,"matched":0,"total":4,"unchecked":0,"uncheckedKeysByFile":[],"unmatched":4,"updated":0},"startTime":1690026078078,"success":false,"testResults":[{"assertionResults":[{"ancestorTitles":["TypographyBuilder"],"duration":43,"failureDetails":[],"failureMessages":[],"fullName":"TypographyBuilder adds typography styles correctly","invocations":1,"location":null,"numPassingAsserts":7,"retryReasons":[],"status":"passed","title":"adds typography styles correctly"}],"endTime":1690026080741,"message":"","name":"C:\\Work\\Projects\\neurocache-hub\\src\\components\\builders\\typographyBuilder\\TypographyBuilder.test.tsx","startTime":1690026079294,"status":"passed","summary":""},{"assertionResults":[{"ancestorTitles":["StyleBuilder"],"duration":40,"failureDetails":[],"failureMessages":[],"fullName":"StyleBuilder adds styles correctly","invocations":1,"location":null,"numPassingAsserts":3,"retryReasons":[],"status":"passed","title":"adds styles correctly"}],"endTime":1690026080764,"message":"","name":"C:\\Work\\Projects\\neurocache-hub\\src\\components\\builders\\styleBuilder\\StyleBuilder.test.tsx","startTime":1690026079294,"status":"passed","summary":""},{"assertionResults":[{"ancestorTitles":["ButtonComponent"],"duration":74,"failureDetails":[],"failureMessages":[],"fullName":"ButtonComponent renders without error","invocations":1,"location":null,"numPassingAsserts":1,"retryReasons":[],"status":"passed","title":"renders without error"},{"ancestorTitles":["ButtonComponent"],"duration":5,"failureDetails":[],"failureMessages":[],"fullName":"ButtonComponent has correct styles","invocations":1,"location":null,"numPassingAsserts":14,"retryReasons":[],"status":"passed","title":"has correct styles"}],"endTime":1690026080823,"message":"","name":"C:\\Work\\Projects\\neurocache-hub\\src\\components\\library\\buttonComponent\\buttonComponent.test.tsx","startTime":1690026079294,"status":"passed","summary":""},{"assertionResults":[{"ancestorTitles":["BehaviourBuilder"],"duration":64,"failureDetails":[],"failureMessages":[],"fullName":"BehaviourBuilder invokes click handler correctly","invocations":1,"location":null,"numPassingAsserts":0,"retryReasons":[],"status":"passed","title":"invokes click handler correctly"}],"endTime":1690026080897,"message":"","name":"C:\\Work\\Projects\\neurocache-hub\\src\\components\\builders\\behaviourBuilder\\BehaviourBuilder.test.tsx","startTime":1690026079292,"status":"passed","summary":""},{"assertionResults":[{"ancestorTitles":["Storyshots","Buttons/ButtonComponent"],"duration":18,"failureDetails":[{"matcherResult":{"actual":"<div\n  whileHover={\n    {\n      \"scale\": 1.01,\n    }\n  }\n  whileTap={\n    {\n      \"scale\": 0.99,\n    }\n  }\n>\n  <div\n    className=\"text-lg text-center font-mono text-cherry-h hover:cherry-p font-extrabold leading-loose bg-cherry-d hover:bg-cherry rounded-full border border-cherry-l rounded-full shadow-lg drop-shadow-lg\"\n    data-testid=\"atomic-div\"\n    onClick={[Function]}\n  >\n    overt\n  </div>\n</div>","expected":"<div\n  style={{}}\n  tabIndex={0}\n>\n  <div\n    className=\"text-lg text-center font-mono text-cherry-h hover:cherry-p font-extrabold leading-loose bg-cherry-d hover:bg-cherry rounded-full border border-cherry-l rounded-full shadow-lg drop-shadow-lg\"\n    data-testid=\"atomic-div\"\n    onClick={[Function]}\n  >\n    overt\n  </div>\n</div>","message":"\u001b[2mexpect(\u001b[22m\u001b[38;2;0;95;95m\u001b[48;2;215;255;255mreceived\u001b[49m\u001b[39m\u001b[2m).\u001b[22mtoMatchSnapshot\u001b[2m()\u001b[22m\n\nSnapshot name: `Storyshots Buttons/ButtonComponent Overt 1`\n\n\u001b[38;2;128;0;128m\u001b[48;2;255;215;255m- Snapshot  -  2\u001b[49m\u001b[39m\n\u001b[38;2;0;95;95m\u001b[48;2;215;255;255m+ Received  + 10\u001b[49m\u001b[39m\n\n\u001b[33m@@ -1,8 +1,16 @@\u001b[39m\n\u001b[2m  <div\u001b[22m\n\u001b[38;2;128;0;128m\u001b[48;2;255;215;255m-   style={{}}\u001b[49m\u001b[39m\n\u001b[38;2;128;0;128m\u001b[48;2;255;215;255m-   tabIndex={0}\u001b[49m\u001b[39m\n\u001b[38;2;0;95;95m\u001b[48;2;215;255;255m+   whileHover={\u001b[49m\u001b[39m\n\u001b[38;2;0;95;95m\u001b[48;2;215;255;255m+     {\u001b[49m\u001b[39m\n\u001b[38;2;0;95;95m\u001b[48;2;215;255;255m+       \"scale\": 1.01,\u001b[49m\u001b[39m\n\u001b[38;2;0;95;95m\u001b[48;2;215;255;255m+     }\u001b[49m\u001b[39m\n\u001b[38;2;0;95;95m\u001b[48;2;215;255;255m+   }\u001b[49m\u001b[39m\n\u001b[38;2;0;95;95m\u001b[48;2;215;255;255m+   whileTap={\u001b[49m\u001b[39m\n\u001b[38;2;0;95;95m\u001b[48;2;215;255;255m+     {\u001b[49m\u001b[39m\n\u001b[38;2;0;95;95m\u001b[48;2;215;255;255m+       \"scale\": 0.99,\u001b[49m\u001b[39m\n\u001b[38;2;0;95;95m\u001b[48;2;215;255;255m+     }\u001b[49m\u001b[39m\n\u001b[38;2;0;95;95m\u001b[48;2;215;255;255m+   }\u001b[49m\u001b[39m\n\u001b[2m  >\u001b[22m\n\u001b[2m    <div\u001b[22m\n\u001b[2m      className=\"text-lg text-center font-mono text-cherry-h hover:cherry-p font-extrabold leading-loose bg-cherry-d hover:bg-cherry rounded-full border border-cherry-l rounded-full shadow-lg drop-shadow-lg\"\u001b[22m\n\u001b[2m      data-testid=\"atomic-div\"\u001b[22m\n\u001b[2m      onClick={[Function]}\u001b[22m","name":"toMatchSnapshot","pass":false}}],"failureMessages":["Error: \u001b[2mexpect(\u001b[22m\u001b[38;2;0;95;95m\u001b[48;2;215;255;255mreceived\u001b[49m\u001b[39m\u001b[2m).\u001b[22mtoMatchSnapshot\u001b[2m()\u001b[22m\n\nSnapshot name: `Storyshots Buttons/ButtonComponent Overt 1`\n\n\u001b[38;2;128;0;128m\u001b[48;2;255;215;255m- Snapshot  -  2\u001b[49m\u001b[39m\n\u001b[38;2;0;95;95m\u001b[48;2;215;255;255m+ Received  + 10\u001b[49m\u001b[39m\n\n\u001b[33m@@ -1,8 +1,16 @@\u001b[39m\n\u001b[2m  <div\u001b[22m\n\u001b[38;2;128;0;128m\u001b[48;2;255;215;255m-   style={{}}\u001b[49m\u001b[39m\n\u001b[38;2;128;0;128m\u001b[48;2;255;215;255m-   tabIndex={0}\u001b[49m\u001b[39m\n\u001b[38;2;0;95;95m\u001b[48;2;215;255;255m+   whileHover={\u001b[49m\u001b[39m\n\u001b[38;2;0;95;95m\u001b[48;2;215;255;255m+     {\u001b[49m\u001b[39m\n\u001b[38;2;0;95;95m\u001b[48;2;215;255;255m+       \"scale\": 1.01,\u001b[49m\u001b[39m\n\u001b[38;2;0;95;95m\u001b[48;2;215;255;255m+     }\u001b[49m\u001b[39m\n\u001b[38;2;0;95;95m\u001b[48;2;215;255;255m+   }\u001b[49m\u001b[39m\n\u001b[38;2;0;95;95m\u001b[48;2;215;255;255m+   whileTap={\u001b[49m\u001b[39m\n\u001b[38;2;0;95;95m\u001b[48;2;215;255;255m+     {\u001b[49m\u001b[39m\n\u001b[38;2;0;95;95m\u001b[48;2;215;255;255m+       \"scale\": 0.99,\u001b[49m\u001b[39m\n\u001b[38;2;0;95;95m\u001b[48;2;215;255;255m+     }\u001b[49m\u001b[39m\n\u001b[38;2;0;95;95m\u001b[48;2;215;255;255m+   }\u001b[49m\u001b[39m\n\u001b[2m  >\u001b[22m\n\u001b[2m    <div\u001b[22m\n\u001b[2m      className=\"text-lg text-center font-mono text-cherry-h hover:cherry-p font-extrabold leading-loose bg-cherry-d hover:bg-cherry rounded-full border border-cherry-l rounded-full shadow-lg drop-shadow-lg\"\u001b[22m\n\u001b[2m      data-testid=\"atomic-div\"\u001b[22m\n\u001b[2m      onClick={[Function]}\u001b[22m\n    at match (C:\\Work\\Projects\\neurocache-hub\\node_modules\\.pnpm\\@storybook+addon-storyshots@7.1.0_@storybook+react@7.1.0_jest@29.6.1_preact@10.16.0_react-dom@18.2.0_react@18.2.0\\node_modules\\@storybook\\addon-storyshots\\dist\\test-bodies.js:23:32)\n    at C:\\Work\\Projects\\neurocache-hub\\node_modules\\.pnpm\\@storybook+addon-storyshots@7.1.0_@storybook+react@7.1.0_jest@29.6.1_preact@10.16.0_react-dom@18.2.0_react@18.2.0\\node_modules\\@storybook\\addon-storyshots\\dist\\test-bodies.js:32:16\n    at Object.<anonymous> (C:\\Work\\Projects\\neurocache-hub\\node_modules\\.pnpm\\@storybook+addon-storyshots@7.1.0_@storybook+react@7.1.0_jest@29.6.1_preact@10.16.0_react-dom@18.2.0_react@18.2.0\\node_modules\\@storybook\\addon-storyshots\\dist\\api\\snapshotsTestsTemplate.js:20:29)\n    at Promise.then.completed (C:\\Work\\Projects\\neurocache-hub\\node_modules\\.pnpm\\jest-circus@29.6.1\\node_modules\\jest-circus\\build\\utils.js:300:28)\n    at new Promise (<anonymous>)\n    at callAsyncCircusFn (C:\\Work\\Projects\\neurocache-hub\\node_modules\\.pnpm\\jest-circus@29.6.1\\node_modules\\jest-circus\\build\\utils.js:233:10)\n    at _callCircusTest (C:\\Work\\Projects\\neurocache-hub\\node_modules\\.pnpm\\jest-circus@29.6.1\\node_modules\\jest-circus\\build\\run.js:314:40)\n    at processTicksAndRejections (node:internal/process/task_queues:95:5)\n    at _runTest (C:\\Work\\Projects\\neurocache-hub\\node_modules\\.pnpm\\jest-circus@29.6.1\\node_modules\\jest-circus\\build\\run.js:250:3)\n    at _runTestsForDescribeBlock (C:\\Work\\Projects\\neurocache-hub\\node_modules\\.pnpm\\jest-circus@29.6.1\\node_modules\\jest-circus\\build\\run.js:125:9)\n    at _runTestsForDescribeBlock (C:\\Work\\Projects\\neurocache-hub\\node_modules\\.pnpm\\jest-circus@29.6.1\\node_modules\\jest-circus\\build\\run.js:120:9)\n    at _runTestsForDescribeBlock (C:\\Work\\Projects\\neurocache-hub\\node_modules\\.pnpm\\jest-circus@29.6.1\\node_modules\\jest-circus\\build\\run.js:120:9)\n    at run (C:\\Work\\Projects\\neurocache-hub\\node_modules\\.pnpm\\jest-circus@29.6.1\\node_modules\\jest-circus\\build\\run.js:70:3)\n    at runAndTransformResultsToJestFormat (C:\\Work\\Projects\\neurocache-hub\\node_modules\\.pnpm\\jest-circus@29.6.1\\node_modules\\jest-circus\\build\\legacy-code-todo-rewrite\\jestAdapterInit.js:122:21)\n    at jestAdapter (C:\\Work\\Projects\\neurocache-hub\\node_modules\\.pnpm\\jest-circus@29.6.1\\node_modules\\jest-circus\\build\\legacy-code-todo-rewrite\\jestAdapter.js:79:19)\n    at runTestInternal (C:\\Work\\Projects\\neurocache-hub\\node_modules\\.pnpm\\jest-runner@29.6.1\\node_modules\\jest-runner\\build\\runTest.js:367:16)\n    at runTest (C:\\Work\\Projects\\neurocache-hub\\node_modules\\.pnpm\\jest-runner@29.6.1\\node_modules\\jest-runner\\build\\runTest.js:444:34)\n    at Object.worker (C:\\Work\\Projects\\neurocache-hub\\node_modules\\.pnpm\\jest-runner@29.6.1\\node_modules\\jest-runner\\build\\testWorker.js:106:12)"],"fullName":"Storyshots Buttons/ButtonComponent Overt","invocations":1,"location":null,"numPassingAsserts":0,"retryReasons":[],"status":"failed","title":"Overt"},{"ancestorTitles":["Storyshots","Buttons/ButtonComponent"],"duration":2,"failureDetails":[{"matcherResult":{"actual":"<div\n  whileHover={\n    {\n      \"scale\": 1.01,\n    }\n  }\n  whileTap={\n    {\n      \"scale\": 0.99,\n    }\n  }\n>\n  <div\n    className=\"text-lg text-center font-mono text-aqua-h hover:aqua-p font-extrabold leading-loose bg-aqua-d hover:bg-aqua rounded-full border border-aqua-l rounded-full shadow-lg drop-shadow-lg\"\n    data-testid=\"atomic-div\"\n    onClick={[Function]}\n  >\n    calm\n  </div>\n</div>","expected":"<div\n  style={{}}\n  tabIndex={0}\n>\n  <div\n    className=\"text-lg text-center font-mono text-aqua-h hover:aqua-p font-extrabold leading-loose bg-aqua-d hover:bg-aqua rounded-full border border-aqua-l rounded-full shadow-lg drop-shadow-lg\"\n    data-testid=\"atomic-div\"\n    onClick={[Function]}\n  >\n    calm\n  </div>\n</div>","message":"\u001b[2mexpect(\u001b[22m\u001b[38;2;0;95;95m\u001b[48;2;215;255;255mreceived\u001b[49m\u001b[39m\u001b[2m).\u001b[22mtoMatchSnapshot\u001b[2m()\u001b[22m\n\nSnapshot name: `Storyshots Buttons/ButtonComponent Calm 1`\n\n\u001b[38;2;128;0;128m\u001b[48;2;255;215;255m- Snapshot  -  2\u001b[49m\u001b[39m\n\u001b[38;2;0;95;95m\u001b[48;2;215;255;255m+ Received  + 10\u001b[49m\u001b[39m\n\n\u001b[33m@@ -1,8 +1,16 @@\u001b[39m\n\u001b[2m  <div\u001b[22m\n\u001b[38;2;128;0;128m\u001b[48;2;255;215;255m-   style={{}}\u001b[49m\u001b[39m\n\u001b[38;2;128;0;128m\u001b[48;2;255;215;255m-   tabIndex={0}\u001b[49m\u001b[39m\n\u001b[38;2;0;95;95m\u001b[48;2;215;255;255m+   whileHover={\u001b[49m\u001b[39m\n\u001b[38;2;0;95;95m\u001b[48;2;215;255;255m+     {\u001b[49m\u001b[39m\n\u001b[38;2;0;95;95m\u001b[48;2;215;255;255m+       \"scale\": 1.01,\u001b[49m\u001b[39m\n\u001b[38;2;0;95;95m\u001b[48;2;215;255;255m+     }\u001b[49m\u001b[39m\n\u001b[38;2;0;95;95m\u001b[48;2;215;255;255m+   }\u001b[49m\u001b[39m\n\u001b[38;2;0;95;95m\u001b[48;2;215;255;255m+   whileTap={\u001b[49m\u001b[39m\n\u001b[38;2;0;95;95m\u001b[48;2;215;255;255m+     {\u001b[49m\u001b[39m\n\u001b[38;2;0;95;95m\u001b[48;2;215;255;255m+       \"scale\": 0.99,\u001b[49m\u001b[39m\n\u001b[38;2;0;95;95m\u001b[48;2;215;255;255m+     }\u001b[49m\u001b[39m\n\u001b[38;2;0;95;95m\u001b[48;2;215;255;255m+   }\u001b[49m\u001b[39m\n\u001b[2m  >\u001b[22m\n\u001b[2m    <div\u001b[22m\n\u001b[2m      className=\"text-lg text-center font-mono text-aqua-h hover:aqua-p font-extrabold leading-loose bg-aqua-d hover:bg-aqua rounded-full border border-aqua-l rounded-full shadow-lg drop-shadow-lg\"\u001b[22m\n\u001b[2m      data-testid=\"atomic-div\"\u001b[22m\n\u001b[2m      onClick={[Function]}\u001b[22m","name":"toMatchSnapshot","pass":false}}],"failureMessages":["Error: \u001b[2mexpect(\u001b[22m\u001b[38;2;0;95;95m\u001b[48;2;215;255;255mreceived\u001b[49m\u001b[39m\u001b[2m).\u001b[22mtoMatchSnapshot\u001b[2m()\u001b[22m\n\nSnapshot name: `Storyshots Buttons/ButtonComponent Calm 1`\n\n\u001b[38;2;128;0;128m\u001b[48;2;255;215;255m- Snapshot  -  2\u001b[49m\u001b[39m\n\u001b[38;2;0;95;95m\u001b[48;2;215;255;255m+ Received  + 10\u001b[49m\u001b[39m\n\n\u001b[33m@@ -1,8 +1,16 @@\u001b[39m\n\u001b[2m  <div\u001b[22m\n\u001b[38;2;128;0;128m\u001b[48;2;255;215;255m-   style={{}}\u001b[49m\u001b[39m\n\u001b[38;2;128;0;128m\u001b[48;2;255;215;255m-   tabIndex={0}\u001b[49m\u001b[39m\n\u001b[38;2;0;95;95m\u001b[48;2;215;255;255m+   whileHover={\u001b[49m\u001b[39m\n\u001b[38;2;0;95;95m\u001b[48;2;215;255;255m+     {\u001b[49m\u001b[39m\n\u001b[38;2;0;95;95m\u001b[48;2;215;255;255m+       \"scale\": 1.01,\u001b[49m\u001b[39m\n\u001b[38;2;0;95;95m\u001b[48;2;215;255;255m+     }\u001b[49m\u001b[39m\n\u001b[38;2;0;95;95m\u001b[48;2;215;255;255m+   }\u001b[49m\u001b[39m\n\u001b[38;2;0;95;95m\u001b[48;2;215;255;255m+   whileTap={\u001b[49m\u001b[39m\n\u001b[38;2;0;95;95m\u001b[48;2;215;255;255m+     {\u001b[49m\u001b[39m\n\u001b[38;2;0;95;95m\u001b[48;2;215;255;255m+       \"scale\": 0.99,\u001b[49m\u001b[39m\n\u001b[38;2;0;95;95m\u001b[48;2;215;255;255m+     }\u001b[49m\u001b[39m\n\u001b[38;2;0;95;95m\u001b[48;2;215;255;255m+   }\u001b[49m\u001b[39m\n\u001b[2m  >\u001b[22m\n\u001b[2m    <div\u001b[22m\n\u001b[2m      className=\"text-lg text-center font-mono text-aqua-h hover:aqua-p font-extrabold leading-loose bg-aqua-d hover:bg-aqua rounded-full border border-aqua-l rounded-full shadow-lg drop-shadow-lg\"\u001b[22m\n\u001b[2m      data-testid=\"atomic-div\"\u001b[22m\n\u001b[2m      onClick={[Function]}\u001b[22m\n    at match (C:\\Work\\Projects\\neurocache-hub\\node_modules\\.pnpm\\@storybook+addon-storyshots@7.1.0_@storybook+react@7.1.0_jest@29.6.1_preact@10.16.0_react-dom@18.2.0_react@18.2.0\\node_modules\\@storybook\\addon-storyshots\\dist\\test-bodies.js:23:32)\n    at C:\\Work\\Projects\\neurocache-hub\\node_modules\\.pnpm\\@storybook+addon-storyshots@7.1.0_@storybook+react@7.1.0_jest@29.6.1_preact@10.16.0_react-dom@18.2.0_react@18.2.0\\node_modules\\@storybook\\addon-storyshots\\dist\\test-bodies.js:32:16\n    at Object.<anonymous> (C:\\Work\\Projects\\neurocache-hub\\node_modules\\.pnpm\\@storybook+addon-storyshots@7.1.0_@storybook+react@7.1.0_jest@29.6.1_preact@10.16.0_react-dom@18.2.0_react@18.2.0\\node_modules\\@storybook\\addon-storyshots\\dist\\api\\snapshotsTestsTemplate.js:20:29)\n    at Promise.then.completed (C:\\Work\\Projects\\neurocache-hub\\node_modules\\.pnpm\\jest-circus@29.6.1\\node_modules\\jest-circus\\build\\utils.js:300:28)\n    at new Promise (<anonymous>)\n    at callAsyncCircusFn (C:\\Work\\Projects\\neurocache-hub\\node_modules\\.pnpm\\jest-circus@29.6.1\\node_modules\\jest-circus\\build\\utils.js:233:10)\n    at _callCircusTest (C:\\Work\\Projects\\neurocache-hub\\node_modules\\.pnpm\\jest-circus@29.6.1\\node_modules\\jest-circus\\build\\run.js:314:40)\n    at processTicksAndRejections (node:internal/process/task_queues:95:5)\n    at _runTest (C:\\Work\\Projects\\neurocache-hub\\node_modules\\.pnpm\\jest-circus@29.6.1\\node_modules\\jest-circus\\build\\run.js:250:3)\n    at _runTestsForDescribeBlock (C:\\Work\\Projects\\neurocache-hub\\node_modules\\.pnpm\\jest-circus@29.6.1\\node_modules\\jest-circus\\build\\run.js:125:9)\n    at _runTestsForDescribeBlock (C:\\Work\\Projects\\neurocache-hub\\node_modules\\.pnpm\\jest-circus@29.6.1\\node_modules\\jest-circus\\build\\run.js:120:9)\n    at _runTestsForDescribeBlock (C:\\Work\\Projects\\neurocache-hub\\node_modules\\.pnpm\\jest-circus@29.6.1\\node_modules\\jest-circus\\build\\run.js:120:9)\n    at run (C:\\Work\\Projects\\neurocache-hub\\node_modules\\.pnpm\\jest-circus@29.6.1\\node_modules\\jest-circus\\build\\run.js:70:3)\n    at runAndTransformResultsToJestFormat (C:\\Work\\Projects\\neurocache-hub\\node_modules\\.pnpm\\jest-circus@29.6.1\\node_modules\\jest-circus\\build\\legacy-code-todo-rewrite\\jestAdapterInit.js:122:21)\n    at jestAdapter (C:\\Work\\Projects\\neurocache-hub\\node_modules\\.pnpm\\jest-circus@29.6.1\\node_modules\\jest-circus\\build\\legacy-code-todo-rewrite\\jestAdapter.js:79:19)\n    at runTestInternal (C:\\Work\\Projects\\neurocache-hub\\node_modules\\.pnpm\\jest-runner@29.6.1\\node_modules\\jest-runner\\build\\runTest.js:367:16)\n    at runTest (C:\\Work\\Projects\\neurocache-hub\\node_modules\\.pnpm\\jest-runner@29.6.1\\node_modules\\jest-runner\\build\\runTest.js:444:34)\n    at Object.worker (C:\\Work\\Projects\\neurocache-hub\\node_modules\\.pnpm\\jest-runner@29.6.1\\node_modules\\jest-runner\\build\\testWorker.js:106:12)"],"fullName":"Storyshots Buttons/ButtonComponent Calm","invocations":1,"location":null,"numPassingAsserts":0,"retryReasons":[],"status":"failed","title":"Calm"},{"ancestorTitles":["Storyshots","Buttons/ButtonComponent"],"duration":2,"failureDetails":[{"matcherResult":{"actual":"<div\n  whileHover={\n    {\n      \"scale\": 1.01,\n    }\n  }\n  whileTap={\n    {\n      \"scale\": 0.99,\n    }\n  }\n>\n  <div\n    className=\"text-lg text-center font-mono text-peach-h hover:peach-p font-extrabold leading-loose bg-peach-d hover:bg-peach rounded-full border border-peach-l rounded-full shadow-lg drop-shadow-lg\"\n    data-testid=\"atomic-div\"\n    onClick={[Function]}\n  >\n    alert\n  </div>\n</div>","expected":"<div\n  style={{}}\n  tabIndex={0}\n>\n  <div\n    className=\"text-lg text-center font-mono text-peach-h hover:peach-p font-extrabold leading-loose bg-peach-d hover:bg-peach rounded-full border border-peach-l rounded-full shadow-lg drop-shadow-lg\"\n    data-testid=\"atomic-div\"\n    onClick={[Function]}\n  >\n    alert\n  </div>\n</div>","message":"\u001b[2mexpect(\u001b[22m\u001b[38;2;0;95;95m\u001b[48;2;215;255;255mreceived\u001b[49m\u001b[39m\u001b[2m).\u001b[22mtoMatchSnapshot\u001b[2m()\u001b[22m\n\nSnapshot name: `Storyshots Buttons/ButtonComponent Alert 1`\n\n\u001b[38;2;128;0;128m\u001b[48;2;255;215;255m- Snapshot  -  2\u001b[49m\u001b[39m\n\u001b[38;2;0;95;95m\u001b[48;2;215;255;255m+ Received  + 10\u001b[49m\u001b[39m\n\n\u001b[33m@@ -1,8 +1,16 @@\u001b[39m\n\u001b[2m  <div\u001b[22m\n\u001b[38;2;128;0;128m\u001b[48;2;255;215;255m-   style={{}}\u001b[49m\u001b[39m\n\u001b[38;2;128;0;128m\u001b[48;2;255;215;255m-   tabIndex={0}\u001b[49m\u001b[39m\n\u001b[38;2;0;95;95m\u001b[48;2;215;255;255m+   whileHover={\u001b[49m\u001b[39m\n\u001b[38;2;0;95;95m\u001b[48;2;215;255;255m+     {\u001b[49m\u001b[39m\n\u001b[38;2;0;95;95m\u001b[48;2;215;255;255m+       \"scale\": 1.01,\u001b[49m\u001b[39m\n\u001b[38;2;0;95;95m\u001b[48;2;215;255;255m+     }\u001b[49m\u001b[39m\n\u001b[38;2;0;95;95m\u001b[48;2;215;255;255m+   }\u001b[49m\u001b[39m\n\u001b[38;2;0;95;95m\u001b[48;2;215;255;255m+   whileTap={\u001b[49m\u001b[39m\n\u001b[38;2;0;95;95m\u001b[48;2;215;255;255m+     {\u001b[49m\u001b[39m\n\u001b[38;2;0;95;95m\u001b[48;2;215;255;255m+       \"scale\": 0.99,\u001b[49m\u001b[39m\n\u001b[38;2;0;95;95m\u001b[48;2;215;255;255m+     }\u001b[49m\u001b[39m\n\u001b[38;2;0;95;95m\u001b[48;2;215;255;255m+   }\u001b[49m\u001b[39m\n\u001b[2m  >\u001b[22m\n\u001b[2m    <div\u001b[22m\n\u001b[2m      className=\"text-lg text-center font-mono text-peach-h hover:peach-p font-extrabold leading-loose bg-peach-d hover:bg-peach rounded-full border border-peach-l rounded-full shadow-lg drop-shadow-lg\"\u001b[22m\n\u001b[2m      data-testid=\"atomic-div\"\u001b[22m\n\u001b[2m      onClick={[Function]}\u001b[22m","name":"toMatchSnapshot","pass":false}}],"failureMessages":["Error: \u001b[2mexpect(\u001b[22m\u001b[38;2;0;95;95m\u001b[48;2;215;255;255mreceived\u001b[49m\u001b[39m\u001b[2m).\u001b[22mtoMatchSnapshot\u001b[2m()\u001b[22m\n\nSnapshot name: `Storyshots Buttons/ButtonComponent Alert 1`\n\n\u001b[38;2;128;0;128m\u001b[48;2;255;215;255m- Snapshot  -  2\u001b[49m\u001b[39m\n\u001b[38;2;0;95;95m\u001b[48;2;215;255;255m+ Received  + 10\u001b[49m\u001b[39m\n\n\u001b[33m@@ -1,8 +1,16 @@\u001b[39m\n\u001b[2m  <div\u001b[22m\n\u001b[38;2;128;0;128m\u001b[48;2;255;215;255m-   style={{}}\u001b[49m\u001b[39m\n\u001b[38;2;128;0;128m\u001b[48;2;255;215;255m-   tabIndex={0}\u001b[49m\u001b[39m\n\u001b[38;2;0;95;95m\u001b[48;2;215;255;255m+   whileHover={\u001b[49m\u001b[39m\n\u001b[38;2;0;95;95m\u001b[48;2;215;255;255m+     {\u001b[49m\u001b[39m\n\u001b[38;2;0;95;95m\u001b[48;2;215;255;255m+       \"scale\": 1.01,\u001b[49m\u001b[39m\n\u001b[38;2;0;95;95m\u001b[48;2;215;255;255m+     }\u001b[49m\u001b[39m\n\u001b[38;2;0;95;95m\u001b[48;2;215;255;255m+   }\u001b[49m\u001b[39m\n\u001b[38;2;0;95;95m\u001b[48;2;215;255;255m+   whileTap={\u001b[49m\u001b[39m\n\u001b[38;2;0;95;95m\u001b[48;2;215;255;255m+     {\u001b[49m\u001b[39m\n\u001b[38;2;0;95;95m\u001b[48;2;215;255;255m+       \"scale\": 0.99,\u001b[49m\u001b[39m\n\u001b[38;2;0;95;95m\u001b[48;2;215;255;255m+     }\u001b[49m\u001b[39m\n\u001b[38;2;0;95;95m\u001b[48;2;215;255;255m+   }\u001b[49m\u001b[39m\n\u001b[2m  >\u001b[22m\n\u001b[2m    <div\u001b[22m\n\u001b[2m      className=\"text-lg text-center font-mono text-peach-h hover:peach-p font-extrabold leading-loose bg-peach-d hover:bg-peach rounded-full border border-peach-l rounded-full shadow-lg drop-shadow-lg\"\u001b[22m\n\u001b[2m      data-testid=\"atomic-div\"\u001b[22m\n\u001b[2m      onClick={[Function]}\u001b[22m\n    at match (C:\\Work\\Projects\\neurocache-hub\\node_modules\\.pnpm\\@storybook+addon-storyshots@7.1.0_@storybook+react@7.1.0_jest@29.6.1_preact@10.16.0_react-dom@18.2.0_react@18.2.0\\node_modules\\@storybook\\addon-storyshots\\dist\\test-bodies.js:23:32)\n    at C:\\Work\\Projects\\neurocache-hub\\node_modules\\.pnpm\\@storybook+addon-storyshots@7.1.0_@storybook+react@7.1.0_jest@29.6.1_preact@10.16.0_react-dom@18.2.0_react@18.2.0\\node_modules\\@storybook\\addon-storyshots\\dist\\test-bodies.js:32:16\n    at Object.<anonymous> (C:\\Work\\Projects\\neurocache-hub\\node_modules\\.pnpm\\@storybook+addon-storyshots@7.1.0_@storybook+react@7.1.0_jest@29.6.1_preact@10.16.0_react-dom@18.2.0_react@18.2.0\\node_modules\\@storybook\\addon-storyshots\\dist\\api\\snapshotsTestsTemplate.js:20:29)\n    at Promise.then.completed (C:\\Work\\Projects\\neurocache-hub\\node_modules\\.pnpm\\jest-circus@29.6.1\\node_modules\\jest-circus\\build\\utils.js:300:28)\n    at new Promise (<anonymous>)\n    at callAsyncCircusFn (C:\\Work\\Projects\\neurocache-hub\\node_modules\\.pnpm\\jest-circus@29.6.1\\node_modules\\jest-circus\\build\\utils.js:233:10)\n    at _callCircusTest (C:\\Work\\Projects\\neurocache-hub\\node_modules\\.pnpm\\jest-circus@29.6.1\\node_modules\\jest-circus\\build\\run.js:314:40)\n    at processTicksAndRejections (node:internal/process/task_queues:95:5)\n    at _runTest (C:\\Work\\Projects\\neurocache-hub\\node_modules\\.pnpm\\jest-circus@29.6.1\\node_modules\\jest-circus\\build\\run.js:250:3)\n    at _runTestsForDescribeBlock (C:\\Work\\Projects\\neurocache-hub\\node_modules\\.pnpm\\jest-circus@29.6.1\\node_modules\\jest-circus\\build\\run.js:125:9)\n    at _runTestsForDescribeBlock (C:\\Work\\Projects\\neurocache-hub\\node_modules\\.pnpm\\jest-circus@29.6.1\\node_modules\\jest-circus\\build\\run.js:120:9)\n    at _runTestsForDescribeBlock (C:\\Work\\Projects\\neurocache-hub\\node_modules\\.pnpm\\jest-circus@29.6.1\\node_modules\\jest-circus\\build\\run.js:120:9)\n    at run (C:\\Work\\Projects\\neurocache-hub\\node_modules\\.pnpm\\jest-circus@29.6.1\\node_modules\\jest-circus\\build\\run.js:70:3)\n    at runAndTransformResultsToJestFormat (C:\\Work\\Projects\\neurocache-hub\\node_modules\\.pnpm\\jest-circus@29.6.1\\node_modules\\jest-circus\\build\\legacy-code-todo-rewrite\\jestAdapterInit.js:122:21)\n    at jestAdapter (C:\\Work\\Projects\\neurocache-hub\\node_modules\\.pnpm\\jest-circus@29.6.1\\node_modules\\jest-circus\\build\\legacy-code-todo-rewrite\\jestAdapter.js:79:19)\n    at runTestInternal (C:\\Work\\Projects\\neurocache-hub\\node_modules\\.pnpm\\jest-runner@29.6.1\\node_modules\\jest-runner\\build\\runTest.js:367:16)\n    at runTest (C:\\Work\\Projects\\neurocache-hub\\node_modules\\.pnpm\\jest-runner@29.6.1\\node_modules\\jest-runner\\build\\runTest.js:444:34)\n    at Object.worker (C:\\Work\\Projects\\neurocache-hub\\node_modules\\.pnpm\\jest-runner@29.6.1\\node_modules\\jest-runner\\build\\testWorker.js:106:12)"],"fullName":"Storyshots Buttons/ButtonComponent Alert","invocations":1,"location":null,"numPassingAsserts":0,"retryReasons":[],"status":"failed","title":"Alert"},{"ancestorTitles":["Storyshots","Buttons/ButtonComponent"],"duration":1,"failureDetails":[{"matcherResult":{"actual":"<div\n  whileHover={\n    {\n      \"scale\": 1.01,\n    }\n  }\n  whileTap={\n    {\n      \"scale\": 0.99,\n    }\n  }\n>\n  <div\n    className=\"text-lg text-center font-mono text-grape-h hover:grape-p font-extrabold leading-loose bg-util hover:bg-grape-a rounded-full border border-grape rounded-full shadow-inner shadow-grape-d\"\n    data-testid=\"atomic-div\"\n    onClick={[Function]}\n  >\n    subtle\n  </div>\n</div>","expected":"<div\n  style={{}}\n  tabIndex={0}\n>\n  <div\n    className=\"text-lg text-center font-mono text-grape-h hover:grape-p font-extrabold leading-loose bg-util hover:bg-grape-a rounded-full border border-grape rounded-full shadow-inner shadow-grape-d\"\n    data-testid=\"atomic-div\"\n    onClick={[Function]}\n  >\n    subtle\n  </div>\n</div>","message":"\u001b[2mexpect(\u001b[22m\u001b[38;2;0;95;95m\u001b[48;2;215;255;255mreceived\u001b[49m\u001b[39m\u001b[2m).\u001b[22mtoMatchSnapshot\u001b[2m()\u001b[22m\n\nSnapshot name: `Storyshots Buttons/ButtonComponent Subtle 1`\n\n\u001b[38;2;128;0;128m\u001b[48;2;255;215;255m- Snapshot  -  2\u001b[49m\u001b[39m\n\u001b[38;2;0;95;95m\u001b[48;2;215;255;255m+ Received  + 10\u001b[49m\u001b[39m\n\n\u001b[33m@@ -1,8 +1,16 @@\u001b[39m\n\u001b[2m  <div\u001b[22m\n\u001b[38;2;128;0;128m\u001b[48;2;255;215;255m-   style={{}}\u001b[49m\u001b[39m\n\u001b[38;2;128;0;128m\u001b[48;2;255;215;255m-   tabIndex={0}\u001b[49m\u001b[39m\n\u001b[38;2;0;95;95m\u001b[48;2;215;255;255m+   whileHover={\u001b[49m\u001b[39m\n\u001b[38;2;0;95;95m\u001b[48;2;215;255;255m+     {\u001b[49m\u001b[39m\n\u001b[38;2;0;95;95m\u001b[48;2;215;255;255m+       \"scale\": 1.01,\u001b[49m\u001b[39m\n\u001b[38;2;0;95;95m\u001b[48;2;215;255;255m+     }\u001b[49m\u001b[39m\n\u001b[38;2;0;95;95m\u001b[48;2;215;255;255m+   }\u001b[49m\u001b[39m\n\u001b[38;2;0;95;95m\u001b[48;2;215;255;255m+   whileTap={\u001b[49m\u001b[39m\n\u001b[38;2;0;95;95m\u001b[48;2;215;255;255m+     {\u001b[49m\u001b[39m\n\u001b[38;2;0;95;95m\u001b[48;2;215;255;255m+       \"scale\": 0.99,\u001b[49m\u001b[39m\n\u001b[38;2;0;95;95m\u001b[48;2;215;255;255m+     }\u001b[49m\u001b[39m\n\u001b[38;2;0;95;95m\u001b[48;2;215;255;255m+   }\u001b[49m\u001b[39m\n\u001b[2m  >\u001b[22m\n\u001b[2m    <div\u001b[22m\n\u001b[2m      className=\"text-lg text-center font-mono text-grape-h hover:grape-p font-extrabold leading-loose bg-util hover:bg-grape-a rounded-full border border-grape rounded-full shadow-inner shadow-grape-d\"\u001b[22m\n\u001b[2m      data-testid=\"atomic-div\"\u001b[22m\n\u001b[2m      onClick={[Function]}\u001b[22m","name":"toMatchSnapshot","pass":false}}],"failureMessages":["Error: \u001b[2mexpect(\u001b[22m\u001b[38;2;0;95;95m\u001b[48;2;215;255;255mreceived\u001b[49m\u001b[39m\u001b[2m).\u001b[22mtoMatchSnapshot\u001b[2m()\u001b[22m\n\nSnapshot name: `Storyshots Buttons/ButtonComponent Subtle 1`\n\n\u001b[38;2;128;0;128m\u001b[48;2;255;215;255m- Snapshot  -  2\u001b[49m\u001b[39m\n\u001b[38;2;0;95;95m\u001b[48;2;215;255;255m+ Received  + 10\u001b[49m\u001b[39m\n\n\u001b[33m@@ -1,8 +1,16 @@\u001b[39m\n\u001b[2m  <div\u001b[22m\n\u001b[38;2;128;0;128m\u001b[48;2;255;215;255m-   style={{}}\u001b[49m\u001b[39m\n\u001b[38;2;128;0;128m\u001b[48;2;255;215;255m-   tabIndex={0}\u001b[49m\u001b[39m\n\u001b[38;2;0;95;95m\u001b[48;2;215;255;255m+   whileHover={\u001b[49m\u001b[39m\n\u001b[38;2;0;95;95m\u001b[48;2;215;255;255m+     {\u001b[49m\u001b[39m\n\u001b[38;2;0;95;95m\u001b[48;2;215;255;255m+       \"scale\": 1.01,\u001b[49m\u001b[39m\n\u001b[38;2;0;95;95m\u001b[48;2;215;255;255m+     }\u001b[49m\u001b[39m\n\u001b[38;2;0;95;95m\u001b[48;2;215;255;255m+   }\u001b[49m\u001b[39m\n\u001b[38;2;0;95;95m\u001b[48;2;215;255;255m+   whileTap={\u001b[49m\u001b[39m\n\u001b[38;2;0;95;95m\u001b[48;2;215;255;255m+     {\u001b[49m\u001b[39m\n\u001b[38;2;0;95;95m\u001b[48;2;215;255;255m+       \"scale\": 0.99,\u001b[49m\u001b[39m\n\u001b[38;2;0;95;95m\u001b[48;2;215;255;255m+     }\u001b[49m\u001b[39m\n\u001b[38;2;0;95;95m\u001b[48;2;215;255;255m+   }\u001b[49m\u001b[39m\n\u001b[2m  >\u001b[22m\n\u001b[2m    <div\u001b[22m\n\u001b[2m      className=\"text-lg text-center font-mono text-grape-h hover:grape-p font-extrabold leading-loose bg-util hover:bg-grape-a rounded-full border border-grape rounded-full shadow-inner shadow-grape-d\"\u001b[22m\n\u001b[2m      data-testid=\"atomic-div\"\u001b[22m\n\u001b[2m      onClick={[Function]}\u001b[22m\n    at match (C:\\Work\\Projects\\neurocache-hub\\node_modules\\.pnpm\\@storybook+addon-storyshots@7.1.0_@storybook+react@7.1.0_jest@29.6.1_preact@10.16.0_react-dom@18.2.0_react@18.2.0\\node_modules\\@storybook\\addon-storyshots\\dist\\test-bodies.js:23:32)\n    at C:\\Work\\Projects\\neurocache-hub\\node_modules\\.pnpm\\@storybook+addon-storyshots@7.1.0_@storybook+react@7.1.0_jest@29.6.1_preact@10.16.0_react-dom@18.2.0_react@18.2.0\\node_modules\\@storybook\\addon-storyshots\\dist\\test-bodies.js:32:16\n    at Object.<anonymous> (C:\\Work\\Projects\\neurocache-hub\\node_modules\\.pnpm\\@storybook+addon-storyshots@7.1.0_@storybook+react@7.1.0_jest@29.6.1_preact@10.16.0_react-dom@18.2.0_react@18.2.0\\node_modules\\@storybook\\addon-storyshots\\dist\\api\\snapshotsTestsTemplate.js:20:29)\n    at Promise.then.completed (C:\\Work\\Projects\\neurocache-hub\\node_modules\\.pnpm\\jest-circus@29.6.1\\node_modules\\jest-circus\\build\\utils.js:300:28)\n    at new Promise (<anonymous>)\n    at callAsyncCircusFn (C:\\Work\\Projects\\neurocache-hub\\node_modules\\.pnpm\\jest-circus@29.6.1\\node_modules\\jest-circus\\build\\utils.js:233:10)\n    at _callCircusTest (C:\\Work\\Projects\\neurocache-hub\\node_modules\\.pnpm\\jest-circus@29.6.1\\node_modules\\jest-circus\\build\\run.js:314:40)\n    at processTicksAndRejections (node:internal/process/task_queues:95:5)\n    at _runTest (C:\\Work\\Projects\\neurocache-hub\\node_modules\\.pnpm\\jest-circus@29.6.1\\node_modules\\jest-circus\\build\\run.js:250:3)\n    at _runTestsForDescribeBlock (C:\\Work\\Projects\\neurocache-hub\\node_modules\\.pnpm\\jest-circus@29.6.1\\node_modules\\jest-circus\\build\\run.js:125:9)\n    at _runTestsForDescribeBlock (C:\\Work\\Projects\\neurocache-hub\\node_modules\\.pnpm\\jest-circus@29.6.1\\node_modules\\jest-circus\\build\\run.js:120:9)\n    at _runTestsForDescribeBlock (C:\\Work\\Projects\\neurocache-hub\\node_modules\\.pnpm\\jest-circus@29.6.1\\node_modules\\jest-circus\\build\\run.js:120:9)\n    at run (C:\\Work\\Projects\\neurocache-hub\\node_modules\\.pnpm\\jest-circus@29.6.1\\node_modules\\jest-circus\\build\\run.js:70:3)\n    at runAndTransformResultsToJestFormat (C:\\Work\\Projects\\neurocache-hub\\node_modules\\.pnpm\\jest-circus@29.6.1\\node_modules\\jest-circus\\build\\legacy-code-todo-rewrite\\jestAdapterInit.js:122:21)\n    at jestAdapter (C:\\Work\\Projects\\neurocache-hub\\node_modules\\.pnpm\\jest-circus@29.6.1\\node_modules\\jest-circus\\build\\legacy-code-todo-rewrite\\jestAdapter.js:79:19)\n    at runTestInternal (C:\\Work\\Projects\\neurocache-hub\\node_modules\\.pnpm\\jest-runner@29.6.1\\node_modules\\jest-runner\\build\\runTest.js:367:16)\n    at runTest (C:\\Work\\Projects\\neurocache-hub\\node_modules\\.pnpm\\jest-runner@29.6.1\\node_modules\\jest-runner\\build\\runTest.js:444:34)\n    at Object.worker (C:\\Work\\Projects\\neurocache-hub\\node_modules\\.pnpm\\jest-runner@29.6.1\\node_modules\\jest-runner\\build\\testWorker.js:106:12)"],"fullName":"Storyshots Buttons/ButtonComponent Subtle","invocations":1,"location":null,"numPassingAsserts":0,"retryReasons":[],"status":"failed","title":"Subtle"}],"endTime":1690026081513,"message":"\u001b[1m\u001b[31m  \u001b[1m● \u001b[22m\u001b[1mStoryshots › Buttons/ButtonComponent › Overt\u001b[39m\u001b[22m\n\n    \u001b[2mexpect(\u001b[22m\u001b[38;2;0;95;95m\u001b[48;2;215;255;255mreceived\u001b[49m\u001b[39m\u001b[2m).\u001b[22mtoMatchSnapshot\u001b[2m()\u001b[22m\n\n    Snapshot name: `Storyshots Buttons/ButtonComponent Overt 1`\n\n    \u001b[38;2;128;0;128m\u001b[48;2;255;215;255m- Snapshot  -  2\u001b[49m\u001b[39m\n    \u001b[38;2;0;95;95m\u001b[48;2;215;255;255m+ Received  + 10\u001b[49m\u001b[39m\n\n    \u001b[33m@@ -1,8 +1,16 @@\u001b[39m\n    \u001b[2m  <div\u001b[22m\n    \u001b[38;2;128;0;128m\u001b[48;2;255;215;255m-   style={{}}\u001b[49m\u001b[39m\n    \u001b[38;2;128;0;128m\u001b[48;2;255;215;255m-   tabIndex={0}\u001b[49m\u001b[39m\n    \u001b[38;2;0;95;95m\u001b[48;2;215;255;255m+   whileHover={\u001b[49m\u001b[39m\n    \u001b[38;2;0;95;95m\u001b[48;2;215;255;255m+     {\u001b[49m\u001b[39m\n    \u001b[38;2;0;95;95m\u001b[48;2;215;255;255m+       \"scale\": 1.01,\u001b[49m\u001b[39m\n    \u001b[38;2;0;95;95m\u001b[48;2;215;255;255m+     }\u001b[49m\u001b[39m\n    \u001b[38;2;0;95;95m\u001b[48;2;215;255;255m+   }\u001b[49m\u001b[39m\n    \u001b[38;2;0;95;95m\u001b[48;2;215;255;255m+   whileTap={\u001b[49m\u001b[39m\n    \u001b[38;2;0;95;95m\u001b[48;2;215;255;255m+     {\u001b[49m\u001b[39m\n    \u001b[38;2;0;95;95m\u001b[48;2;215;255;255m+       \"scale\": 0.99,\u001b[49m\u001b[39m\n    \u001b[38;2;0;95;95m\u001b[48;2;215;255;255m+     }\u001b[49m\u001b[39m\n    \u001b[38;2;0;95;95m\u001b[48;2;215;255;255m+   }\u001b[49m\u001b[39m\n    \u001b[2m  >\u001b[22m\n    \u001b[2m    <div\u001b[22m\n    \u001b[2m      className=\"text-lg text-center font-mono text-cherry-h hover:cherry-p font-extrabold leading-loose bg-cherry-d hover:bg-cherry rounded-full border border-cherry-l rounded-full shadow-lg drop-shadow-lg\"\u001b[22m\n    \u001b[2m      data-testid=\"atomic-div\"\u001b[22m\n    \u001b[2m      onClick={[Function]}\u001b[22m\n\u001b[2m\u001b[22m\n\u001b[2m      \u001b[2mat match (\u001b[22m\u001b[2mnode_modules/.pnpm/@storybook+addon-storyshots@7.1.0_@storybook+react@7.1.0_jest@29.6.1_preact@10.16.0_react-dom@18.2.0_react@18.2.0/node_modules/@storybook/addon-storyshots/dist/test-bodies.js\u001b[2m:23:32)\u001b[22m\u001b[2m\u001b[22m\n\u001b[2m      \u001b[2mat \u001b[22m\u001b[2mnode_modules/.pnpm/@storybook+addon-storyshots@7.1.0_@storybook+react@7.1.0_jest@29.6.1_preact@10.16.0_react-dom@18.2.0_react@18.2.0/node_modules/@storybook/addon-storyshots/dist/test-bodies.js\u001b[2m:32:16\u001b[22m\u001b[2m\u001b[22m\n\u001b[2m      \u001b[2mat Object.<anonymous> (\u001b[22m\u001b[2mnode_modules/.pnpm/@storybook+addon-storyshots@7.1.0_@storybook+react@7.1.0_jest@29.6.1_preact@10.16.0_react-dom@18.2.0_react@18.2.0/node_modules/@storybook/addon-storyshots/dist/api/snapshotsTestsTemplate.js\u001b[2m:20:29)\u001b[22m\u001b[2m\u001b[22m\n\n\u001b[1m\u001b[31m  \u001b[1m● \u001b[22m\u001b[1mStoryshots › Buttons/ButtonComponent › Calm\u001b[39m\u001b[22m\n\n    \u001b[2mexpect(\u001b[22m\u001b[38;2;0;95;95m\u001b[48;2;215;255;255mreceived\u001b[49m\u001b[39m\u001b[2m).\u001b[22mtoMatchSnapshot\u001b[2m()\u001b[22m\n\n    Snapshot name: `Storyshots Buttons/ButtonComponent Calm 1`\n\n    \u001b[38;2;128;0;128m\u001b[48;2;255;215;255m- Snapshot  -  2\u001b[49m\u001b[39m\n    \u001b[38;2;0;95;95m\u001b[48;2;215;255;255m+ Received  + 10\u001b[49m\u001b[39m\n\n    \u001b[33m@@ -1,8 +1,16 @@\u001b[39m\n    \u001b[2m  <div\u001b[22m\n    \u001b[38;2;128;0;128m\u001b[48;2;255;215;255m-   style={{}}\u001b[49m\u001b[39m\n    \u001b[38;2;128;0;128m\u001b[48;2;255;215;255m-   tabIndex={0}\u001b[49m\u001b[39m\n    \u001b[38;2;0;95;95m\u001b[48;2;215;255;255m+   whileHover={\u001b[49m\u001b[39m\n    \u001b[38;2;0;95;95m\u001b[48;2;215;255;255m+     {\u001b[49m\u001b[39m\n    \u001b[38;2;0;95;95m\u001b[48;2;215;255;255m+       \"scale\": 1.01,\u001b[49m\u001b[39m\n    \u001b[38;2;0;95;95m\u001b[48;2;215;255;255m+     }\u001b[49m\u001b[39m\n    \u001b[38;2;0;95;95m\u001b[48;2;215;255;255m+   }\u001b[49m\u001b[39m\n    \u001b[38;2;0;95;95m\u001b[48;2;215;255;255m+   whileTap={\u001b[49m\u001b[39m\n    \u001b[38;2;0;95;95m\u001b[48;2;215;255;255m+     {\u001b[49m\u001b[39m\n    \u001b[38;2;0;95;95m\u001b[48;2;215;255;255m+       \"scale\": 0.99,\u001b[49m\u001b[39m\n    \u001b[38;2;0;95;95m\u001b[48;2;215;255;255m+     }\u001b[49m\u001b[39m\n    \u001b[38;2;0;95;95m\u001b[48;2;215;255;255m+   }\u001b[49m\u001b[39m\n    \u001b[2m  >\u001b[22m\n    \u001b[2m    <div\u001b[22m\n    \u001b[2m      className=\"text-lg text-center font-mono text-aqua-h hover:aqua-p font-extrabold leading-loose bg-aqua-d hover:bg-aqua rounded-full border border-aqua-l rounded-full shadow-lg drop-shadow-lg\"\u001b[22m\n    \u001b[2m      data-testid=\"atomic-div\"\u001b[22m\n    \u001b[2m      onClick={[Function]}\u001b[22m\n\u001b[2m\u001b[22m\n\u001b[2m      \u001b[2mat match (\u001b[22m\u001b[2mnode_modules/.pnpm/@storybook+addon-storyshots@7.1.0_@storybook+react@7.1.0_jest@29.6.1_preact@10.16.0_react-dom@18.2.0_react@18.2.0/node_modules/@storybook/addon-storyshots/dist/test-bodies.js\u001b[2m:23:32)\u001b[22m\u001b[2m\u001b[22m\n\u001b[2m      \u001b[2mat \u001b[22m\u001b[2mnode_modules/.pnpm/@storybook+addon-storyshots@7.1.0_@storybook+react@7.1.0_jest@29.6.1_preact@10.16.0_react-dom@18.2.0_react@18.2.0/node_modules/@storybook/addon-storyshots/dist/test-bodies.js\u001b[2m:32:16\u001b[22m\u001b[2m\u001b[22m\n\u001b[2m      \u001b[2mat Object.<anonymous> (\u001b[22m\u001b[2mnode_modules/.pnpm/@storybook+addon-storyshots@7.1.0_@storybook+react@7.1.0_jest@29.6.1_preact@10.16.0_react-dom@18.2.0_react@18.2.0/node_modules/@storybook/addon-storyshots/dist/api/snapshotsTestsTemplate.js\u001b[2m:20:29)\u001b[22m\u001b[2m\u001b[22m\n\n\u001b[1m\u001b[31m  \u001b[1m● \u001b[22m\u001b[1mStoryshots › Buttons/ButtonComponent › Alert\u001b[39m\u001b[22m\n\n    \u001b[2mexpect(\u001b[22m\u001b[38;2;0;95;95m\u001b[48;2;215;255;255mreceived\u001b[49m\u001b[39m\u001b[2m).\u001b[22mtoMatchSnapshot\u001b[2m()\u001b[22m\n\n    Snapshot name: `Storyshots Buttons/ButtonComponent Alert 1`\n\n    \u001b[38;2;128;0;128m\u001b[48;2;255;215;255m- Snapshot  -  2\u001b[49m\u001b[39m\n    \u001b[38;2;0;95;95m\u001b[48;2;215;255;255m+ Received  + 10\u001b[49m\u001b[39m\n\n    \u001b[33m@@ -1,8 +1,16 @@\u001b[39m\n    \u001b[2m  <div\u001b[22m\n    \u001b[38;2;128;0;128m\u001b[48;2;255;215;255m-   style={{}}\u001b[49m\u001b[39m\n    \u001b[38;2;128;0;128m\u001b[48;2;255;215;255m-   tabIndex={0}\u001b[49m\u001b[39m\n    \u001b[38;2;0;95;95m\u001b[48;2;215;255;255m+   whileHover={\u001b[49m\u001b[39m\n    \u001b[38;2;0;95;95m\u001b[48;2;215;255;255m+     {\u001b[49m\u001b[39m\n    \u001b[38;2;0;95;95m\u001b[48;2;215;255;255m+       \"scale\": 1.01,\u001b[49m\u001b[39m\n    \u001b[38;2;0;95;95m\u001b[48;2;215;255;255m+     }\u001b[49m\u001b[39m\n    \u001b[38;2;0;95;95m\u001b[48;2;215;255;255m+   }\u001b[49m\u001b[39m\n    \u001b[38;2;0;95;95m\u001b[48;2;215;255;255m+   whileTap={\u001b[49m\u001b[39m\n    \u001b[38;2;0;95;95m\u001b[48;2;215;255;255m+     {\u001b[49m\u001b[39m\n    \u001b[38;2;0;95;95m\u001b[48;2;215;255;255m+       \"scale\": 0.99,\u001b[49m\u001b[39m\n    \u001b[38;2;0;95;95m\u001b[48;2;215;255;255m+     }\u001b[49m\u001b[39m\n    \u001b[38;2;0;95;95m\u001b[48;2;215;255;255m+   }\u001b[49m\u001b[39m\n    \u001b[2m  >\u001b[22m\n    \u001b[2m    <div\u001b[22m\n    \u001b[2m      className=\"text-lg text-center font-mono text-peach-h hover:peach-p font-extrabold leading-loose bg-peach-d hover:bg-peach rounded-full border border-peach-l rounded-full shadow-lg drop-shadow-lg\"\u001b[22m\n    \u001b[2m      data-testid=\"atomic-div\"\u001b[22m\n    \u001b[2m      onClick={[Function]}\u001b[22m\n\u001b[2m\u001b[22m\n\u001b[2m      \u001b[2mat match (\u001b[22m\u001b[2mnode_modules/.pnpm/@storybook+addon-storyshots@7.1.0_@storybook+react@7.1.0_jest@29.6.1_preact@10.16.0_react-dom@18.2.0_react@18.2.0/node_modules/@storybook/addon-storyshots/dist/test-bodies.js\u001b[2m:23:32)\u001b[22m\u001b[2m\u001b[22m\n\u001b[2m      \u001b[2mat \u001b[22m\u001b[2mnode_modules/.pnpm/@storybook+addon-storyshots@7.1.0_@storybook+react@7.1.0_jest@29.6.1_preact@10.16.0_react-dom@18.2.0_react@18.2.0/node_modules/@storybook/addon-storyshots/dist/test-bodies.js\u001b[2m:32:16\u001b[22m\u001b[2m\u001b[22m\n\u001b[2m      \u001b[2mat Object.<anonymous> (\u001b[22m\u001b[2mnode_modules/.pnpm/@storybook+addon-storyshots@7.1.0_@storybook+react@7.1.0_jest@29.6.1_preact@10.16.0_react-dom@18.2.0_react@18.2.0/node_modules/@storybook/addon-storyshots/dist/api/snapshotsTestsTemplate.js\u001b[2m:20:29)\u001b[22m\u001b[2m\u001b[22m\n\n\u001b[1m\u001b[31m  \u001b[1m● \u001b[22m\u001b[1mStoryshots › Buttons/ButtonComponent › Subtle\u001b[39m\u001b[22m\n\n    \u001b[2mexpect(\u001b[22m\u001b[38;2;0;95;95m\u001b[48;2;215;255;255mreceived\u001b[49m\u001b[39m\u001b[2m).\u001b[22mtoMatchSnapshot\u001b[2m()\u001b[22m\n\n    Snapshot name: `Storyshots Buttons/ButtonComponent Subtle 1`\n\n    \u001b[38;2;128;0;128m\u001b[48;2;255;215;255m- Snapshot  -  2\u001b[49m\u001b[39m\n    \u001b[38;2;0;95;95m\u001b[48;2;215;255;255m+ Received  + 10\u001b[49m\u001b[39m\n\n    \u001b[33m@@ -1,8 +1,16 @@\u001b[39m\n    \u001b[2m  <div\u001b[22m\n    \u001b[38;2;128;0;128m\u001b[48;2;255;215;255m-   style={{}}\u001b[49m\u001b[39m\n    \u001b[38;2;128;0;128m\u001b[48;2;255;215;255m-   tabIndex={0}\u001b[49m\u001b[39m\n    \u001b[38;2;0;95;95m\u001b[48;2;215;255;255m+   whileHover={\u001b[49m\u001b[39m\n    \u001b[38;2;0;95;95m\u001b[48;2;215;255;255m+     {\u001b[49m\u001b[39m\n    \u001b[38;2;0;95;95m\u001b[48;2;215;255;255m+       \"scale\": 1.01,\u001b[49m\u001b[39m\n    \u001b[38;2;0;95;95m\u001b[48;2;215;255;255m+     }\u001b[49m\u001b[39m\n    \u001b[38;2;0;95;95m\u001b[48;2;215;255;255m+   }\u001b[49m\u001b[39m\n    \u001b[38;2;0;95;95m\u001b[48;2;215;255;255m+   whileTap={\u001b[49m\u001b[39m\n    \u001b[38;2;0;95;95m\u001b[48;2;215;255;255m+     {\u001b[49m\u001b[39m\n    \u001b[38;2;0;95;95m\u001b[48;2;215;255;255m+       \"scale\": 0.99,\u001b[49m\u001b[39m\n    \u001b[38;2;0;95;95m\u001b[48;2;215;255;255m+     }\u001b[49m\u001b[39m\n    \u001b[38;2;0;95;95m\u001b[48;2;215;255;255m+   }\u001b[49m\u001b[39m\n    \u001b[2m  >\u001b[22m\n    \u001b[2m    <div\u001b[22m\n    \u001b[2m      className=\"text-lg text-center font-mono text-grape-h hover:grape-p font-extrabold leading-loose bg-util hover:bg-grape-a rounded-full border border-grape rounded-full shadow-inner shadow-grape-d\"\u001b[22m\n    \u001b[2m      data-testid=\"atomic-div\"\u001b[22m\n    \u001b[2m      onClick={[Function]}\u001b[22m\n\u001b[2m\u001b[22m\n\u001b[2m      \u001b[2mat match (\u001b[22m\u001b[2mnode_modules/.pnpm/@storybook+addon-storyshots@7.1.0_@storybook+react@7.1.0_jest@29.6.1_preact@10.16.0_react-dom@18.2.0_react@18.2.0/node_modules/@storybook/addon-storyshots/dist/test-bodies.js\u001b[2m:23:32)\u001b[22m\u001b[2m\u001b[22m\n\u001b[2m      \u001b[2mat \u001b[22m\u001b[2mnode_modules/.pnpm/@storybook+addon-storyshots@7.1.0_@storybook+react@7.1.0_jest@29.6.1_preact@10.16.0_react-dom@18.2.0_react@18.2.0/node_modules/@storybook/addon-storyshots/dist/test-bodies.js\u001b[2m:32:16\u001b[22m\u001b[2m\u001b[22m\n\u001b[2m      \u001b[2mat Object.<anonymous> (\u001b[22m\u001b[2mnode_modules/.pnpm/@storybook+addon-storyshots@7.1.0_@storybook+react@7.1.0_jest@29.6.1_preact@10.16.0_react-dom@18.2.0_react@18.2.0/node_modules/@storybook/addon-storyshots/dist/api/snapshotsTestsTemplate.js\u001b[2m:20:29)\u001b[22m\u001b[2m\u001b[22m\n","name":"C:\\Work\\Projects\\neurocache-hub\\src\\lib\\storyshots\\Storyshots.test.js","startTime":1690026079263,"status":"failed","summary":""}],"wasInterrupted":false}
