{"numFailedTestSuites":0,"numFailedTests":0,"numPassedTestSuites":4,"numPassedTests":5,"numPendingTestSuites":0,"numPendingTests":0,"numRuntimeErrorTestSuites":0,"numTodoTests":0,"numTotalTestSuites":4,"numTotalTests":5,"openHandles":[],"snapshot":{"added":0,"didUpdate":false,"failure":false,"filesAdded":0,"filesRemoved":0,"filesRemovedList":[],"filesUnmatched":0,"filesUpdated":0,"matched":0,"total":0,"unchecked":0,"uncheckedKeysByFile":[],"unmatched":0,"updated":0},"startTime":1690022728910,"success":true,"testResults":[{"assertionResults":[{"ancestorTitles":["TypographyBuilder"],"duration":40,"failureDetails":[],"failureMessages":[],"fullName":"TypographyBuilder adds typography styles correctly","invocations":1,"location":null,"numPassingAsserts":7,"retryReasons":[],"status":"passed","title":"adds typography styles correctly"}],"endTime":1690022731991,"message":"","name":"C:\\Work\\Projects\\neurocache-hub\\src\\components\\builders\\typographyBuilder\\TypographyBuilder.test.tsx","startTime":1690022730418,"status":"passed","summary":""},{"assertionResults":[{"ancestorTitles":["StyleBuilder"],"duration":41,"failureDetails":[],"failureMessages":[],"fullName":"StyleBuilder adds styles correctly","invocations":1,"location":null,"numPassingAsserts":3,"retryReasons":[],"status":"passed","title":"adds styles correctly"}],"endTime":1690022731991,"message":"","name":"C:\\Work\\Projects\\neurocache-hub\\src\\components\\builders\\styleBuilder\\StyleBuilder.test.tsx","startTime":1690022730445,"status":"passed","summary":""},{"assertionResults":[{"ancestorTitles":["ButtonComponent"],"duration":64,"failureDetails":[],"failureMessages":[],"fullName":"ButtonComponent renders without error","invocations":1,"location":null,"numPassingAsserts":1,"retryReasons":[],"status":"passed","title":"renders without error"},{"ancestorTitles":["ButtonComponent"],"duration":9,"failureDetails":[],"failureMessages":[],"fullName":"ButtonComponent has correct styles","invocations":1,"location":null,"numPassingAsserts":14,"retryReasons":[],"status":"passed","title":"has correct styles"}],"endTime":1690022732079,"message":"","name":"C:\\Work\\Projects\\neurocache-hub\\src\\components\\library\\buttonComponent\\buttonComponent.test.tsx","startTime":1690022730418,"status":"passed","summary":""},{"assertionResults":[{"ancestorTitles":["BehaviourBuilder"],"duration":37,"failureDetails":[],"failureMessages":[],"fullName":"BehaviourBuilder invokes click handler correctly","invocations":1,"location":null,"numPassingAsserts":0,"retryReasons":[],"status":"passed","title":"invokes click handler correctly"}],"endTime":1690022732134,"message":"","name":"C:\\Work\\Projects\\neurocache-hub\\src\\components\\builders\\behaviourBuilder\\BehaviourBuilder.test.tsx","startTime":1690022730445,"status":"passed","summary":""}],"wasInterrupted":false}
